c:\stuff\graphics\gameengine\x64\debug\gameengine.pdb
c:\stuff\graphics\gameengine\x64\debug\gameengine.idb
c:\stuff\graphics\gameengine\x64\debug\texturecache.obj
c:\stuff\graphics\gameengine\x64\debug\sprite.obj
c:\stuff\graphics\gameengine\x64\debug\resourcemanager.obj
c:\stuff\graphics\gameengine\x64\debug\picopng.obj
c:\stuff\graphics\gameengine\x64\debug\iomanager.obj
c:\stuff\graphics\gameengine\x64\debug\imageloader.obj
c:\stuff\graphics\gameengine\x64\debug\glslprogram.obj
c:\stuff\graphics\gameengine\x64\debug\gameengine.obj
c:\stuff\graphics\gameengine\x64\debug\errors.obj
c:\stuff\graphics\gameengine\x64\debug\window.obj
c:\stuff\graphics\gameengine\x64\debug\camera2d.obj
c:\stuff\graphics\gameengine\x64\debug\spritebatch.obj
c:\stuff\graphics\gameengine\x64\debug\timing.obj
c:\stuff\graphics\gameengine\x64\debug\inputmanager.obj
c:\stuff\graphics\x64\debug\gameengine.lib
c:\stuff\graphics\gameengine\x64\debug\gameengine.tlog\cl.command.1.tlog
c:\stuff\graphics\gameengine\x64\debug\gameengine.tlog\cl.read.1.tlog
c:\stuff\graphics\gameengine\x64\debug\gameengine.tlog\cl.write.1.tlog
c:\stuff\graphics\gameengine\x64\debug\gameengine.tlog\lib-link.read.1.tlog
c:\stuff\graphics\gameengine\x64\debug\gameengine.tlog\lib-link.write.1.tlog
c:\stuff\graphics\gameengine\x64\debug\gameengine.tlog\lib.command.1.tlog
